#
# A fatal error has been detected by the Java Runtime Environment:
#
#  SIGSEGV (0xb) at pc=0x000000011127f8de, pid=6642, tid=0x000000000000df23
#
# JRE version: Java(TM) SE Runtime Environment (8.0_101-b13) (build 1.8.0_101-b13)
# Java VM: Java HotSpot(TM) 64-Bit Server VM (25.101-b13 mixed mode bsd-amd64 compressed oops)
# Problematic frame:
# j  com.apple.laf.ScreenPopupFactory._getHeavyWeightPopup(Ljava/awt/Component;Ljava/awt/Component;II)Ljavax/swing/Popup;+0
#
# Failed to write core dump. Core dumps have been disabled. To enable core dumping, try "ulimit -c unlimited" before starting Java again
#
# If you would like to submit a bug report, please visit:
#   http://bugreport.java.com/bugreport/crash.jsp
#

---------------  T H R E A D  ---------------

Current thread (0x00007fcc48989000):  JavaThread "AWT-EventQueue-0" [_thread_in_Java, id=57123, stack(0x00007000042d9000,0x00007000043d9000)]

siginfo: si_signo: 11 (SIGSEGV), si_code: 1 (SEGV_MAPERR), si_addr: 0x000000000000df23

Registers:
RAX=0x000000000000df23, RBX=0x000000010f8659c0, RCX=0x00007fcc4816f038, RDX=0x0000000000071880
RSP=0x00007000043d6390, RBP=0x00007000043d6410, RSI=0x00007fcc4c000000, RDI=0x00007fcc4816f038
R8 =0x0000000000000005, R9 =0x00007fcc46ff4fd0, R10=0x0000000000000000, R11=0x000000011127b53b
R12=0x0000000000000000, R13=0x000000010f8659c0, R14=0x00007000043d6450, R15=0x00007fcc48989000
RIP=0x000000011127f8de, EFLAGS=0x0000000000010202, ERR=0x0000000000000004
  TRAPNO=0x000000000000000e

Top of Stack: (sp=0x00007000043d6390)
0x00007000043d6390:   0000000000000000 000000011127f814
0x00007000043d63a0:   0000000000000000 00007000043d63d0
0x00007000043d63b0:   00007000043d6418 0000000111272040
0x00007000043d63c0:   00000007addec2b0 000000011127b53b
0x00007000043d63d0:   00007000043d63d0 0000000000000000
0x00007000043d63e0:   00007000043d6450 000000010f867268
0x00007000043d63f0:   0000000000000000 000000010f8659c0
0x00007000043d6400:   0000000000000000 00007000043d6430
0x00007000043d6410:   00007000043d6498 0000000111272040
0x00007000043d6420:   0000000000000000 000000011127b53b
0x00007000043d6430:   0000000000000314 0000000000000202
0x00007000043d6440:   00000007803344f8 0000000780334018
0x00007000043d6450:   000000078044ff58 00007000043d6458
0x00007000043d6460:   000000010f865a73 00007000043d64e0
0x00007000043d6470:   000000010f867268 0000000000000000
0x00007000043d6480:   000000010f865b20 00007000043d6430
0x00007000043d6490:   00007000043d64c0 00007000043d6528
0x00007000043d64a0:   0000000111272040 0000000000000000
0x00007000043d64b0:   0000000000000000 0000000000000000
0x00007000043d64c0:   0000000000000314 0000000000000202
0x00007000043d64d0:   00000007803344f8 0000000780334018
0x00007000043d64e0:   000000078044ff58 00007000043d64e8
0x00007000043d64f0:   000000010f94861e 00007000043d6558
0x00007000043d6500:   000000010f948680 0000000000000000
0x00007000043d6510:   000000010f948628 00007000043d64c0
0x00007000043d6520:   00007000043d6540 00007000043d65a0
0x00007000043d6530:   0000000111272040 000000078044ff58
0x00007000043d6540:   0000000000000314 0000000000000202
0x00007000043d6550:   00000007803344f8 000000078037c6d8
0x00007000043d6560:   00007000043d6560 000000010f920467
0x00007000043d6570:   00007000043d65d0 000000010f921e98
0x00007000043d6580:   0000000000000000 000000010f920490 

Instructions: (pc=0x000000011127f8de)
0x000000011127f8be:   11 01 00 00 00 4c 3b 5d 18 0f 85 20 00 00 00 48
0x000000011127f8ce:   8b 04 24 48 83 c4 10 48 85 c0 0f 84 03 00 00 00
0x000000011127f8de:   48 8b 00 48 89 45 10 48 83 ec 10 48 89 04 24 41
0x000000011127f8ee:   81 bf 9c 02 00 00 01 00 00 00 0f 85 bd 00 00 00 

Register to memory mapping:

RAX=0x000000000000df23 is an unknown value
RBX={method} {0x000000010f8659c0} '_getHeavyWeightPopup' '(Ljava/awt/Component;Ljava/awt/Component;II)Ljavax/swing/Popup;' in 'com/apple/laf/ScreenPopupFactory'
RCX=0x00007fcc4816f038 is an unknown value
RDX=0x0000000000071880 is an unknown value
RSP=0x00007000043d6390 is pointing into the stack for thread: 0x00007fcc48989000
RBP=0x00007000043d6410 is pointing into the stack for thread: 0x00007fcc48989000
RSI=0x00007fcc4c000000 is an unknown value
RDI=0x00007fcc4816f038 is an unknown value
R8 =0x0000000000000005 is an unknown value
R9 =0x00007fcc46ff4fd0 is an unknown value
R10=0x0000000000000000 is an unknown value
R11=0x000000011127b53b is at code_begin+27 in an Interpreter codelet
result handlers for native calls  [0x000000011127b520, 0x000000011127b540]  32 bytes
R12=0x0000000000000000 is an unknown value
R13={method} {0x000000010f8659c0} '_getHeavyWeightPopup' '(Ljava/awt/Component;Ljava/awt/Component;II)Ljavax/swing/Popup;' in 'com/apple/laf/ScreenPopupFactory'
R14=0x00007000043d6450 is pointing into the stack for thread: 0x00007fcc48989000
R15=0x00007fcc48989000 is a thread


Stack: [0x00007000042d9000,0x00007000043d9000],  sp=0x00007000043d6390,  free space=1012k
Native frames: (J=compiled Java code, j=interpreted, Vv=VM code, C=native code)
j  com.apple.laf.ScreenPopupFactory._getHeavyWeightPopup(Ljava/awt/Component;Ljava/awt/Component;II)Ljavax/swing/Popup;+0
j  com.apple.laf.ScreenPopupFactory.getPopup(Ljava/awt/Component;Ljava/awt/Component;II)Ljavax/swing/Popup;+27
j  javax.swing.plaf.PopupMenuUI.getPopup(Ljavax/swing/JPopupMenu;II)Ljavax/swing/Popup;+14
j  javax.swing.JPopupMenu.showPopup()V+79
j  javax.swing.JPopupMenu.setVisible(Z)V+91
j  javax.swing.JPopupMenu.show(Ljava/awt/Component;II)V+152
j  com.apple.laf.AquaComboBoxPopup.show()V+38
j  javax.swing.plaf.basic.BasicComboPopup.togglePopup()V+15
j  javax.swing.plaf.basic.BasicComboPopup$Handler.mousePressed(Ljava/awt/event/MouseEvent;)V+116
j  java.awt.AWTEventMulticaster.mousePressed(Ljava/awt/event/MouseEvent;)V+21
j  java.awt.Component.processMouseEvent(Ljava/awt/event/MouseEvent;)V+54
j  javax.swing.JComponent.processMouseEvent(Ljava/awt/event/MouseEvent;)V+23
j  java.awt.Component.processEvent(Ljava/awt/AWTEvent;)V+81
j  java.awt.Container.processEvent(Ljava/awt/AWTEvent;)V+18
j  java.awt.Component.dispatchEventImpl(Ljava/awt/AWTEvent;)V+589
j  java.awt.Container.dispatchEventImpl(Ljava/awt/AWTEvent;)V+42
j  java.awt.Component.dispatchEvent(Ljava/awt/AWTEvent;)V+2
j  java.awt.LightweightDispatcher.retargetMouseEvent(Ljava/awt/Component;ILjava/awt/event/MouseEvent;)V+327
j  java.awt.LightweightDispatcher.processMouseEvent(Ljava/awt/event/MouseEvent;)Z+144
j  java.awt.LightweightDispatcher.dispatchEvent(Ljava/awt/AWTEvent;)Z+50
j  java.awt.Container.dispatchEventImpl(Ljava/awt/AWTEvent;)V+12
j  java.awt.Window.dispatchEventImpl(Ljava/awt/AWTEvent;)V+19
J 1309 C1 java.awt.EventQueue.dispatchEventImpl(Ljava/awt/AWTEvent;Ljava/lang/Object;)V (149 bytes) @ 0x00000001116852e4 [0x0000000111683a80+0x1864]
J 1307 C1 java.awt.EventQueue$3.run()Ljava/lang/Void; (60 bytes) @ 0x0000000111681c14 [0x0000000111681a00+0x214]
J 1306 C1 java.awt.EventQueue$3.run()Ljava/lang/Object; (5 bytes) @ 0x00000001116822fc [0x0000000111682280+0x7c]
v  ~StubRoutines::call_stub
V  [libjvm.dylib+0x2ecf06]  JavaCalls::call_helper(JavaValue*, methodHandle*, JavaCallArguments*, Thread*)+0x6ae
V  [libjvm.dylib+0x34d69c]  JVM_DoPrivileged+0x4b8
J 877  java.security.AccessController.doPrivileged(Ljava/security/PrivilegedAction;Ljava/security/AccessControlContext;)Ljava/lang/Object; (0 bytes) @ 0x0000000111563295 [0x00000001115631c0+0xd5]
J 1400 C1 java.awt.EventQueue$4.run()Ljava/lang/Object; (5 bytes) @ 0x00000001116c6234 [0x00000001116c5e40+0x3f4]
v  ~StubRoutines::call_stub
V  [libjvm.dylib+0x2ecf06]  JavaCalls::call_helper(JavaValue*, methodHandle*, JavaCallArguments*, Thread*)+0x6ae
V  [libjvm.dylib+0x34d69c]  JVM_DoPrivileged+0x4b8
J 877  java.security.AccessController.doPrivileged(Ljava/security/PrivilegedAction;Ljava/security/AccessControlContext;)Ljava/lang/Object; (0 bytes) @ 0x0000000111563295 [0x00000001115631c0+0xd5]
J 1256 C1 java.awt.EventQueue.dispatchEvent(Ljava/awt/AWTEvent;)V (80 bytes) @ 0x0000000111662d0c [0x0000000111661e80+0xe8c]
J 1310 C1 java.awt.EventDispatchThread.pumpOneEventForFilters(I)V (295 bytes) @ 0x000000011168f894 [0x000000011168dd80+0x1b14]
j  java.awt.EventDispatchThread.pumpEventsForFilter(ILjava/awt/Conditional;Ljava/awt/EventFilter;)V+35
j  java.awt.EventDispatchThread.pumpEventsForHierarchy(ILjava/awt/Conditional;Ljava/awt/Component;)V+11
j  java.awt.EventDispatchThread.pumpEvents(ILjava/awt/Conditional;)V+4
j  java.awt.EventDispatchThread.pumpEvents(Ljava/awt/Conditional;)V+3
j  java.awt.EventDispatchThread.run()V+9
v  ~StubRoutines::call_stub
V  [libjvm.dylib+0x2ecf06]  JavaCalls::call_helper(JavaValue*, methodHandle*, JavaCallArguments*, Thread*)+0x6ae
V  [libjvm.dylib+0x2ed694]  JavaCalls::call_virtual(JavaValue*, KlassHandle, Symbol*, Symbol*, JavaCallArguments*, Thread*)+0x164
V  [libjvm.dylib+0x2ed840]  JavaCalls::call_virtual(JavaValue*, Handle, KlassHandle, Symbol*, Symbol*, Thread*)+0x4a
V  [libjvm.dylib+0x348029]  thread_entry(JavaThread*, Thread*)+0x7c
V  [libjvm.dylib+0x5695ab]  JavaThread::thread_main_inner()+0x9b
V  [libjvm.dylib+0x56ac98]  JavaThread::run()+0x1c2
V  [libjvm.dylib+0x48933a]  java_start(Thread*)+0xf6
C  [libsystem_pthread.dylib+0x3abb]  _pthread_body+0xb4
C  [libsystem_pthread.dylib+0x3a07]  _pthread_body+0x0
C  [libsystem_pthread.dylib+0x3231]  thread_start+0xd
C  0x0000000000000000


---------------  P R O C E S S  ---------------

Java Threads: ( => current thread )
=>0x00007fcc48989000 JavaThread "AWT-EventQueue-0" [_thread_in_Java, id=57123, stack(0x00007000042d9000,0x00007000043d9000)]
  0x00007fcc4792d800 JavaThread "Java2D Disposer" daemon [_thread_blocked, id=47147, stack(0x00007000041d6000,0x00007000042d6000)]
  0x00007fcc4790b000 JavaThread "Java2D Queue Flusher" daemon [_thread_blocked, id=50951, stack(0x00007000040d3000,0x00007000041d3000)]
  0x00007fcc480fb000 JavaThread "AWT-Shutdown" [_thread_blocked, id=29727, stack(0x0000700003eca000,0x0000700003fca000)]
  0x00007fcc478e3800 JavaThread "AppKit Thread" daemon [_thread_in_native, id=2059, stack(0x00007fff543a5000,0x00007fff54ba5000)]
  0x00007fcc4885f000 JavaThread "Service Thread" daemon [_thread_blocked, id=18691, stack(0x0000700003c41000,0x0000700003d41000)]
  0x00007fcc48016800 JavaThread "C1 CompilerThread2" daemon [_thread_in_native, id=18179, stack(0x0000700003b3e000,0x0000700003c3e000)]
  0x00007fcc48016000 JavaThread "C2 CompilerThread1" daemon [_thread_in_native, id=17667, stack(0x0000700003a3b000,0x0000700003b3b000)]
  0x00007fcc4783e800 JavaThread "C2 CompilerThread0" daemon [_thread_in_native, id=17155, stack(0x0000700003938000,0x0000700003a38000)]
  0x00007fcc48000800 JavaThread "Signal Dispatcher" daemon [_thread_blocked, id=16643, stack(0x0000700003835000,0x0000700003935000)]
  0x00007fcc47012000 JavaThread "Finalizer" daemon [_thread_blocked, id=12547, stack(0x0000700003732000,0x0000700003832000)]
  0x00007fcc4700f000 JavaThread "Reference Handler" daemon [_thread_blocked, id=12035, stack(0x000070000362f000,0x000070000372f000)]
  0x00007fcc48002000 JavaThread "main" [_thread_in_Java, id=7171, stack(0x000070000301d000,0x000070000311d000)]

Other Threads:
  0x00007fcc4781f000 VMThread [stack: 0x000070000352c000,0x000070000362c000] [id=11523]
  0x00007fcc4783f800 WatcherThread [stack: 0x0000700003d44000,0x0000700003e44000] [id=19203]

VM state:not at safepoint (normal execution)

VM Mutex/Monitor currently owned by a thread: None

Heap:
 PSYoungGen      total 70656K, used 43458K [0x00000007aab00000, 0x00000007b1b80000, 0x00000007c0000000)
  eden space 65536K, 64% used [0x00000007aab00000,0x00000007ad4218e0,0x00000007aeb00000)
  from space 5120K, 26% used [0x00000007aeb00000,0x00000007aec4f280,0x00000007af000000)
  to   space 5120K, 0% used [0x00000007b1680000,0x00000007b1680000,0x00000007b1b80000)
 ParOldGen       total 44032K, used 4744K [0x0000000780000000, 0x0000000782b00000, 0x00000007aab00000)
  object space 44032K, 10% used [0x0000000780000000,0x00000007804a2310,0x0000000782b00000)
 Metaspace       used 13069K, capacity 13282K, committed 13568K, reserved 1060864K
  class space    used 1641K, capacity 1705K, committed 1792K, reserved 1048576K

Card table byte_map: [0x000000010cd5d000,0x000000010cf5e000] byte_map_base: 0x000000010915d000

Marking Bits: (ParMarkBitMap*) 0x000000010c2edd20
 Begin Bits: [0x000000010d0b4000, 0x000000010e0b4000)
 End Bits:   [0x000000010e0b4000, 0x000000010f0b4000)

Polling page: 0x000000010b11b000

CodeCache: size=245760Kb used=6284Kb max_used=6284Kb free=239475Kb
 bounds [0x000000011126a000, 0x00000001118aa000, 0x000000012026a000]
 total_blobs=2316 nmethods=1794 adapters=435
 compilation: enabled

Compilation events (10 events):
Event: 8.402 Thread 0x00007fcc48016800 1808       3       javax.swing.plaf.basic.BasicHTML::updateRenderer (89 bytes)
Event: 8.403 Thread 0x00007fcc48016800 nmethod 1808 0x0000000111862610 code [0x0000000111862820, 0x00000001118631f8]
Event: 8.403 Thread 0x00007fcc48016800 1806       3       javax.swing.plaf.basic.BasicLabelUI::getPreferredSize (399 bytes)
Event: 8.404 Thread 0x00007fcc4783e800 nmethod 1736 0x00000001118634d0 code [0x0000000111863700, 0x0000000111863f40]
Event: 8.404 Thread 0x00007fcc4783e800 1739       4       javax.swing.text.FieldView::removeUpdate (16 bytes)
Event: 8.405 Thread 0x00007fcc48016800 nmethod 1806 0x0000000111864d90 code [0x0000000111865100, 0x0000000111867598]
Event: 8.408 Thread 0x00007fcc4783e800 nmethod 1739 0x0000000111868b10 code [0x0000000111868cc0, 0x0000000111869090]
Event: 8.408 Thread 0x00007fcc4783e800 1809       4       javax.swing.JComponent::revalidate (53 bytes)
Event: 8.474 Thread 0x00007fcc48016000 nmethod 1787 0x0000000111870450 code [0x0000000111870ac0, 0x0000000111875f50]
Event: 8.474 Thread 0x00007fcc48016000 1812  s    4       javax.swing.RepaintManager::addInvalidComponent (111 bytes)

GC Heap History (10 events):
Event: 6.232 GC heap before
{Heap before GC invocations=5 (full 0):
 PSYoungGen      total 18944K, used 18921K [0x00000007aab00000, 0x00000007ad000000, 0x00000007c0000000)
  eden space 16384K, 100% used [0x00000007aab00000,0x00000007abb00000,0x00000007abb00000)
  from space 2560K, 99% used [0x00000007abd80000,0x00000007abffa460,0x00000007ac000000)
  to   space 2560K, 0% used [0x00000007abb00000,0x00000007abb00000,0x00000007abd80000)
 ParOldGen       total 44032K, used 2611K [0x0000000780000000, 0x0000000782b00000, 0x00000007aab00000)
  object space 44032K, 5% used [0x0000000780000000,0x000000078028cc10,0x0000000782b00000)
 Metaspace       used 12998K, capacity 13218K, committed 13568K, reserved 1060864K
  class space    used 1630K, capacity 1705K, committed 1792K, reserved 1048576K
Event: 6.241 GC heap after
Heap after GC invocations=5 (full 0):
 PSYoungGen      total 18944K, used 2556K [0x00000007aab00000, 0x00000007ad400000, 0x00000007c0000000)
  eden space 16384K, 0% used [0x00000007aab00000,0x00000007aab00000,0x00000007abb00000)
  from space 2560K, 99% used [0x00000007abb00000,0x00000007abd7f370,0x00000007abd80000)
  to   space 4608K, 0% used [0x00000007acf80000,0x00000007acf80000,0x00000007ad400000)
 ParOldGen       total 44032K, used 2678K [0x0000000780000000, 0x0000000782b00000, 0x00000007aab00000)
  object space 44032K, 6% used [0x0000000780000000,0x000000078029da88,0x0000000782b00000)
 Metaspace       used 12998K, capacity 13218K, committed 13568K, reserved 1060864K
  class space    used 1630K, capacity 1705K, committed 1792K, reserved 1048576K
}
Event: 6.427 GC heap before
{Heap before GC invocations=6 (full 0):
 PSYoungGen      total 18944K, used 18940K [0x00000007aab00000, 0x00000007ad400000, 0x00000007c0000000)
  eden space 16384K, 100% used [0x00000007aab00000,0x00000007abb00000,0x00000007abb00000)
  from space 2560K, 99% used [0x00000007abb00000,0x00000007abd7f370,0x00000007abd80000)
  to   space 4608K, 0% used [0x00000007acf80000,0x00000007acf80000,0x00000007ad400000)
 ParOldGen       total 44032K, used 2678K [0x0000000780000000, 0x0000000782b00000, 0x00000007aab00000)
  object space 44032K, 6% used [0x0000000780000000,0x000000078029da88,0x0000000782b00000)
 Metaspace       used 12998K, capacity 13218K, committed 13568K, reserved 1060864K
  class space    used 1630K, capacity 1705K, committed 1792K, reserved 1048576K
Event: 6.432 GC heap after
Heap after GC invocations=6 (full 0):
 PSYoungGen      total 37376K, used 2630K [0x00000007aab00000, 0x00000007ad400000, 0x00000007c0000000)
  eden space 32768K, 0% used [0x00000007aab00000,0x00000007aab00000,0x00000007acb00000)
  from space 4608K, 57% used [0x00000007acf80000,0x00000007ad2119f0,0x00000007ad400000)
  to   space 4608K, 0% used [0x00000007acb00000,0x00000007acb00000,0x00000007acf80000)
 ParOldGen       total 44032K, used 2686K [0x0000000780000000, 0x0000000782b00000, 0x00000007aab00000)
  object space 44032K, 6% used [0x0000000780000000,0x000000078029fa88,0x0000000782b00000)
 Metaspace       used 12998K, capacity 13218K, committed 13568K, reserved 1060864K
  class space    used 1630K, capacity 1705K, committed 1792K, reserved 1048576K
}
Event: 6.971 GC heap before
{Heap before GC invocations=7 (full 0):
 PSYoungGen      total 37376K, used 35398K [0x00000007aab00000, 0x00000007ad400000, 0x00000007c0000000)
  eden space 32768K, 100% used [0x00000007aab00000,0x00000007acb00000,0x00000007acb00000)
  from space 4608K, 57% used [0x00000007acf80000,0x00000007ad2119f0,0x00000007ad400000)
  to   space 4608K, 0% used [0x00000007acb00000,0x00000007acb00000,0x00000007acf80000)
 ParOldGen       total 44032K, used 2686K [0x0000000780000000, 0x0000000782b00000, 0x00000007aab00000)
  object space 44032K, 6% used [0x0000000780000000,0x000000078029fa88,0x0000000782b00000)
 Metaspace       used 13027K, capacity 13218K, committed 13568K, reserved 1060864K
  class space    used 1634K, capacity 1705K, committed 1792K, reserved 1048576K
Event: 6.986 GC heap after
Heap after GC invocations=7 (full 0):
 PSYoungGen      total 37376K, used 1065K [0x00000007aab00000, 0x00000007af500000, 0x00000007c0000000)
  eden space 32768K, 0% used [0x00000007aab00000,0x00000007aab00000,0x00000007acb00000)
  from space 4608K, 23% used [0x00000007acb00000,0x00000007acc0a588,0x00000007acf80000)
  to   space 5120K, 0% used [0x00000007af000000,0x00000007af000000,0x00000007af500000)
 ParOldGen       total 44032K, used 4688K [0x0000000780000000, 0x0000000782b00000, 0x00000007aab00000)
  object space 44032K, 10% used [0x0000000780000000,0x0000000780494310,0x0000000782b00000)
 Metaspace       used 13027K, capacity 13218K, committed 13568K, reserved 1060864K
  class space    used 1634K, capacity 1705K, committed 1792K, reserved 1048576K
}
Event: 7.501 GC heap before
{Heap before GC invocations=8 (full 0):
 PSYoungGen      total 37376K, used 33833K [0x00000007aab00000, 0x00000007af500000, 0x00000007c0000000)
  eden space 32768K, 100% used [0x00000007aab00000,0x00000007acb00000,0x00000007acb00000)
  from space 4608K, 23% used [0x00000007acb00000,0x00000007acc0a588,0x00000007acf80000)
  to   space 5120K, 0% used [0x00000007af000000,0x00000007af000000,0x00000007af500000)
 ParOldGen       total 44032K, used 4688K [0x0000000780000000, 0x0000000782b00000, 0x00000007aab00000)
  object space 44032K, 10% used [0x0000000780000000,0x0000000780494310,0x0000000782b00000)
 Metaspace       used 13050K, capacity 13282K, committed 13568K, reserved 1060864K
  class space    used 1641K, capacity 1705K, committed 1792K, reserved 1048576K
Event: 7.503 GC heap after
Heap after GC invocations=8 (full 0):
 PSYoungGen      total 70656K, used 1190K [0x00000007aab00000, 0x00000007af500000, 0x00000007c0000000)
  eden space 65536K, 0% used [0x00000007aab00000,0x00000007aab00000,0x00000007aeb00000)
  from space 5120K, 23% used [0x00000007af000000,0x00000007af129928,0x00000007af500000)
  to   space 5120K, 0% used [0x00000007aeb00000,0x00000007aeb00000,0x00000007af000000)
 ParOldGen       total 44032K, used 4720K [0x0000000780000000, 0x0000000782b00000, 0x00000007aab00000)
  object space 44032K, 10% used [0x0000000780000000,0x000000078049c310,0x0000000782b00000)
 Metaspace       used 13050K, capacity 13282K, committed 13568K, reserved 1060864K
  class space    used 1641K, capacity 1705K, committed 1792K, reserved 1048576K
}
Event: 8.195 GC heap before
{Heap before GC invocations=9 (full 0):
 PSYoungGen      total 70656K, used 66726K [0x00000007aab00000, 0x00000007af500000, 0x00000007c0000000)
  eden space 65536K, 100% used [0x00000007aab00000,0x00000007aeb00000,0x00000007aeb00000)
  from space 5120K, 23% used [0x00000007af000000,0x00000007af129928,0x00000007af500000)
  to   space 5120K, 0% used [0x00000007aeb00000,0x00000007aeb00000,0x00000007af000000)
 ParOldGen       total 44032K, used 4720K [0x0000000780000000, 0x0000000782b00000, 0x00000007aab00000)
  object space 44032K, 10% used [0x0000000780000000,0x000000078049c310,0x0000000782b00000)
 Metaspace       used 13057K, capacity 13282K, committed 13568K, reserved 1060864K
  class space    used 1641K, capacity 1705K, committed 1792K, reserved 1048576K
Event: 8.205 GC heap after
Heap after GC invocations=9 (full 0):
 PSYoungGen      total 70656K, used 1340K [0x00000007aab00000, 0x00000007b1b80000, 0x00000007c0000000)
  eden space 65536K, 0% used [0x00000007aab00000,0x00000007aab00000,0x00000007aeb00000)
  from space 5120K, 26% used [0x00000007aeb00000,0x00000007aec4f280,0x00000007af000000)
  to   space 5120K, 0% used [0x00000007b1680000,0x00000007b1680000,0x00000007b1b80000)
 ParOldGen       total 44032K, used 4744K [0x0000000780000000, 0x0000000782b00000, 0x00000007aab00000)
  object space 44032K, 10% used [0x0000000780000000,0x00000007804a2310,0x0000000782b00000)
 Metaspace       used 13057K, capacity 13282K, committed 13568K, reserved 1060864K
  class space    used 1641K, capacity 1705K, committed 1792K, reserved 1048576K
}

Deoptimization events (10 events):
Event: 5.327 Thread 0x00007fcc48989000 Uncommon trap: reason=unstable_if action=reinterpret pc=0x000000011157a598 method=java.util.ArrayList.remove(I)Ljava/lang/Object; @ 31
Event: 5.328 Thread 0x00007fcc48989000 Uncommon trap: reason=unstable_if action=reinterpret pc=0x0000000111726adc method=java.util.BitSet.get(I)Z @ 45
Event: 5.506 Thread 0x00007fcc48989000 Uncommon trap: reason=unstable_if action=reinterpret pc=0x000000011163ce14 method=javax.swing.JComponent.revalidate()V @ 4
Event: 6.102 Thread 0x00007fcc48989000 Uncommon trap: reason=unstable_if action=reinterpret pc=0x00000001115f982c method=javax.swing.DefaultBoundedRangeModel.setRangeProperties(IIIIZ)V @ 3
Event: 6.102 Thread 0x00007fcc48989000 Uncommon trap: reason=unstable_if action=reinterpret pc=0x00000001115f7204 method=javax.swing.DefaultBoundedRangeModel.fireStateChanged()V @ 29
Event: 6.102 Thread 0x00007fcc48989000 Uncommon trap: reason=unstable_if action=reinterpret pc=0x000000011179e7c0 method=javax.swing.SwingUtilities.getValidateRoot(Ljava/awt/Container;Z)Ljava/awt/Container; @ 67
Event: 6.560 Thread 0x00007fcc48989000 Uncommon trap: reason=unstable_if action=reinterpret pc=0x00000001117b3cdc method=javax.swing.SwingUtilities.getValidateRoot(Ljava/awt/Container;Z)Ljava/awt/Container; @ 67
Event: 7.637 Thread 0x00007fcc48989000 Uncommon trap: reason=range_check action=make_not_entrant pc=0x000000011180ceec method=javax.swing.plaf.basic.BasicListUI.updateLayoutState()V @ 204
Event: 8.045 Thread 0x00007fcc48002000 Uncommon trap: reason=unstable_if action=reinterpret pc=0x00000001117a155c method=javax.swing.RepaintManager.addDirtyRegion0(Ljava/awt/Container;IIII)V @ 61
Event: 8.535 Thread 0x00007fcc48989000 Uncommon trap: reason=range_check action=make_not_entrant pc=0x0000000111810c2c method=javax.swing.plaf.basic.BasicListUI.updateLayoutState()V @ 204

Internal exceptions (10 events):
Event: 1.550 Thread 0x00007fcc48002000 Exception <a 'java/io/FileNotFoundException'> (0x00000007ab01fec0) thrown at [/HUDSON3/workspace/8-2-build-macosx-x86_64/jdk8u101/7261/hotspot/src/share/vm/prims/jni.cpp, line 709]
Event: 5.636 Thread 0x00007fcc47012000 Exception <a 'java/lang/NullPointerException'> (0x00000007aab5c630) thrown at [/HUDSON3/workspace/8-2-build-macosx-x86_64/jdk8u101/7261/hotspot/src/share/vm/interpreter/linkResolver.cpp, line 1178]
Event: 6.558 Thread 0x00007fcc48989000 Exception <a 'java/lang/ArrayIndexOutOfBoundsException'> (0x00000007ab8a6f30) thrown at [/HUDSON3/workspace/8-2-build-macosx-x86_64/jdk8u101/7261/hotspot/src/share/vm/runtime/sharedRuntime.cpp, line 605]
Event: 6.558 Thread 0x00007fcc48989000 Exception <a 'java/lang/ArrayIndexOutOfBoundsException'> (0x00000007ab8a6f30) thrown at [/HUDSON3/workspace/8-2-build-macosx-x86_64/jdk8u101/7261/hotspot/src/share/vm/prims/jvm.cpp, line 1390]
Event: 6.558 Thread 0x00007fcc48989000 Exception <a 'java/lang/ArrayIndexOutOfBoundsException'> (0x00000007ab8a6f30) thrown at [/HUDSON3/workspace/8-2-build-macosx-x86_64/jdk8u101/7261/hotspot/src/share/vm/prims/jvm.cpp, line 1390]
Event: 7.637 Thread 0x00007fcc48989000 Exception <a 'java/lang/ArrayIndexOutOfBoundsException': 99906> (0x00000007ab968db0) thrown at [/HUDSON3/workspace/8-2-build-macosx-x86_64/jdk8u101/7261/hotspot/src/share/vm/interpreter/interpreterRuntime.cpp, line 366]
Event: 7.637 Thread 0x00007fcc48989000 Exception <a 'java/lang/ArrayIndexOutOfBoundsException'> (0x00000007ab968db0) thrown at [/HUDSON3/workspace/8-2-build-macosx-x86_64/jdk8u101/7261/hotspot/src/share/vm/prims/jvm.cpp, line 1390]
Event: 7.637 Thread 0x00007fcc48989000 Exception <a 'java/lang/ArrayIndexOutOfBoundsException'> (0x00000007ab968db0) thrown at [/HUDSON3/workspace/8-2-build-macosx-x86_64/jdk8u101/7261/hotspot/src/share/vm/prims/jvm.cpp, line 1390]
Event: 8.535 Thread 0x00007fcc48989000 Exception <a 'java/lang/ArrayIndexOutOfBoundsException': 146583> (0x00000007accf0100) thrown at [/HUDSON3/workspace/8-2-build-macosx-x86_64/jdk8u101/7261/hotspot/src/share/vm/interpreter/interpreterRuntime.cpp, line 366]
Event: 8.536 Thread 0x00007fcc48989000 Exception <a 'java/lang/ArrayIndexOutOfBoundsException'> (0x00000007accf0100) thrown at [/HUDSON3/workspace/8-2-build-macosx-x86_64/jdk8u101/7261/hotspot/src/share/vm/prims/jni.cpp, line 709]

Events (10 events):
Event: 7.637 Thread 0x00007fcc48989000 DEOPT PACKING pc=0x000000011180ceec sp=0x00007000043d63d0
Event: 7.637 Thread 0x00007fcc48989000 DEOPT UNPACKING pc=0x000000011126f229 sp=0x00007000043d63c0 mode 2
Event: 8.045 Thread 0x00007fcc48002000 Uncommon trap: trap_request=0xffffff65 fr.pc=0x00000001117a155c
Event: 8.045 Thread 0x00007fcc48002000 DEOPT PACKING pc=0x00000001117a155c sp=0x000070000311c5f0
Event: 8.045 Thread 0x00007fcc48002000 DEOPT UNPACKING pc=0x000000011126f229 sp=0x000070000311c600 mode 2
Event: 8.186 Executing VM operation: ParallelGCFailedAllocation
Event: 8.205 Executing VM operation: ParallelGCFailedAllocation done
Event: 8.535 Thread 0x00007fcc48989000 Uncommon trap: trap_request=0xffffffe4 fr.pc=0x0000000111810c2c
Event: 8.535 Thread 0x00007fcc48989000 DEOPT PACKING pc=0x0000000111810c2c sp=0x00007000043d54e0
Event: 8.535 Thread 0x00007fcc48989000 DEOPT UNPACKING pc=0x000000011126f229 sp=0x00007000043d54c0 mode 2


Dynamic libraries:
0x000000000c5aa000 	/System/Library/Frameworks/Cocoa.framework/Versions/A/Cocoa
0x000000000c5aa000 	/System/Library/Frameworks/Security.framework/Versions/A/Security
0x000000000c5aa000 	/System/Library/Frameworks/ApplicationServices.framework/Versions/A/ApplicationServices
0x000000000c5aa000 	/usr/lib/libz.1.dylib
0x000000000c5aa000 	/usr/lib/libSystem.B.dylib
0x000000000c5aa000 	/usr/lib/libobjc.A.dylib
0x000000000c5aa000 	/System/Library/Frameworks/CoreFoundation.framework/Versions/A/CoreFoundation
0x000000000c5aa000 	/System/Library/Frameworks/Foundation.framework/Versions/C/Foundation
0x000000000c5aa000 	/System/Library/Frameworks/AppKit.framework/Versions/C/AppKit
0x000000000c5aa000 	/System/Library/Frameworks/CoreData.framework/Versions/A/CoreData
0x000000000c5aa000 	/System/Library/PrivateFrameworks/RemoteViewServices.framework/Versions/A/RemoteViewServices
0x000000000c5aa000 	/System/Library/PrivateFrameworks/UIFoundation.framework/Versions/A/UIFoundation
0x000000000c5aa000 	/usr/lib/libenergytrace.dylib
0x000000000c5aa000 	/System/Library/PrivateFrameworks/SkyLight.framework/Versions/A/SkyLight
0x000000000c5aa000 	/System/Library/Frameworks/CoreGraphics.framework/Versions/A/CoreGraphics
0x000000000c5aa000 	/usr/lib/libScreenReader.dylib
0x000000000c5aa000 	/System/Library/Frameworks/Accelerate.framework/Versions/A/Accelerate
0x000000000c5aa000 	/System/Library/Frameworks/IOSurface.framework/Versions/A/IOSurface
0x000000000c5aa000 	/System/Library/Frameworks/AudioToolbox.framework/Versions/A/AudioToolbox
0x000000000c5aa000 	/System/Library/Frameworks/AudioUnit.framework/Versions/A/AudioUnit
0x000000000c5aa000 	/System/Library/PrivateFrameworks/DataDetectorsCore.framework/Versions/A/DataDetectorsCore
0x000000000c5aa000 	/System/Library/PrivateFrameworks/DesktopServicesPriv.framework/Versions/A/DesktopServicesPriv
0x000000000c5aa000 	/System/Library/Frameworks/Carbon.framework/Versions/A/Frameworks/HIToolbox.framework/Versions/A/HIToolbox
0x000000000c5aa000 	/usr/lib/libicucore.A.dylib
0x000000000c5aa000 	/System/Library/Frameworks/QuartzCore.framework/Versions/A/QuartzCore
0x000000000c5aa000 	/System/Library/Frameworks/Carbon.framework/Versions/A/Frameworks/SpeechRecognition.framework/Versions/A/SpeechRecognition
0x000000000c5aa000 	/usr/lib/libauto.dylib
0x000000000c5aa000 	/usr/lib/libxml2.2.dylib
0x000000000c5aa000 	/System/Library/PrivateFrameworks/CoreUI.framework/Versions/A/CoreUI
0x000000000c5aa000 	/System/Library/Frameworks/CoreAudio.framework/Versions/A/CoreAudio
0x000000000c5aa000 	/System/Library/Frameworks/DiskArbitration.framework/Versions/A/DiskArbitration
0x000000000c5aa000 	/usr/lib/liblangid.dylib
0x000000000c5aa000 	/System/Library/PrivateFrameworks/MultitouchSupport.framework/Versions/A/MultitouchSupport
0x000000000c5aa000 	/System/Library/Frameworks/IOKit.framework/Versions/A/IOKit
0x000000000c5aa000 	/usr/lib/libDiagnosticMessagesClient.dylib
0x000000000c5aa000 	/System/Library/Frameworks/CoreServices.framework/Versions/A/CoreServices
0x000000000c5aa000 	/System/Library/PrivateFrameworks/PerformanceAnalysis.framework/Versions/A/PerformanceAnalysis
0x000000000c5aa000 	/System/Library/PrivateFrameworks/GenerationalStorage.framework/Versions/A/GenerationalStorage
0x000000000c5aa000 	/System/Library/Frameworks/OpenGL.framework/Versions/A/OpenGL
0x000000000c5aa000 	/System/Library/Frameworks/CoreImage.framework/Versions/A/CoreImage
0x000000000c5aa000 	/System/Library/Frameworks/CoreText.framework/Versions/A/CoreText
0x000000000c5aa000 	/System/Library/Frameworks/ImageIO.framework/Versions/A/ImageIO
0x000000000c5aa000 	/System/Library/PrivateFrameworks/Backup.framework/Versions/A/Backup
0x000000000c5aa000 	/usr/lib/libarchive.2.dylib
0x000000000c5aa000 	/System/Library/Frameworks/CFNetwork.framework/Versions/A/CFNetwork
0x000000000c5aa000 	/System/Library/Frameworks/SystemConfiguration.framework/Versions/A/SystemConfiguration
0x000000000c5aa000 	/usr/lib/libCRFSuite.dylib
0x000000000c5aa000 	/usr/lib/libc++.1.dylib
0x000000000c5aa000 	/usr/lib/libc++abi.dylib
0x000000000c5aa000 	/usr/lib/system/libcache.dylib
0x000000000c5aa000 	/usr/lib/system/libcommonCrypto.dylib
0x000000000c5aa000 	/usr/lib/system/libcompiler_rt.dylib
0x000000000c5aa000 	/usr/lib/system/libcopyfile.dylib
0x000000000c5aa000 	/usr/lib/system/libcorecrypto.dylib
0x000000000c5aa000 	/usr/lib/system/libdispatch.dylib
0x000000000c5aa000 	/usr/lib/system/libdyld.dylib
0x000000000c5aa000 	/usr/lib/system/libkeymgr.dylib
0x000000000c5aa000 	/usr/lib/system/liblaunch.dylib
0x000000000c5aa000 	/usr/lib/system/libmacho.dylib
0x000000000c5aa000 	/usr/lib/system/libquarantine.dylib
0x000000000c5aa000 	/usr/lib/system/libremovefile.dylib
0x000000000c5aa000 	/usr/lib/system/libsystem_asl.dylib
0x000000000c5aa000 	/usr/lib/system/libsystem_blocks.dylib
0x000000000c5aa000 	/usr/lib/system/libsystem_c.dylib
0x000000000c5aa000 	/usr/lib/system/libsystem_configuration.dylib
0x000000000c5aa000 	/usr/lib/system/libsystem_coreservices.dylib
0x000000000c5aa000 	/usr/lib/system/libsystem_coretls.dylib
0x000000000c5aa000 	/usr/lib/system/libsystem_dnssd.dylib
0x000000000c5aa000 	/usr/lib/system/libsystem_info.dylib
0x000000000c5aa000 	/usr/lib/system/libsystem_kernel.dylib
0x000000000c5aa000 	/usr/lib/system/libsystem_m.dylib
0x000000000c5aa000 	/usr/lib/system/libsystem_malloc.dylib
0x000000000c5aa000 	/usr/lib/system/libsystem_network.dylib
0x000000000c5aa000 	/usr/lib/system/libsystem_networkextension.dylib
0x000000000c5aa000 	/usr/lib/system/libsystem_notify.dylib
0x000000000c5aa000 	/usr/lib/system/libsystem_platform.dylib
0x000000000c5aa000 	/usr/lib/system/libsystem_pthread.dylib
0x000000000c5aa000 	/usr/lib/system/libsystem_sandbox.dylib
0x000000000c5aa000 	/usr/lib/system/libsystem_secinit.dylib
0x000000000c5aa000 	/usr/lib/system/libsystem_symptoms.dylib
0x000000000c5aa000 	/usr/lib/system/libsystem_trace.dylib
0x000000000c5aa000 	/usr/lib/system/libunwind.dylib
0x000000000c5aa000 	/usr/lib/system/libxpc.dylib
0x000000000c5aa000 	/usr/lib/libbsm.0.dylib
0x000000000c5aa000 	/usr/lib/system/libkxld.dylib
0x000000000c5aa000 	/usr/lib/libcoretls.dylib
0x000000000c5aa000 	/usr/lib/libcoretls_cfhelpers.dylib
0x000000000c5aa000 	/usr/lib/libxar.1.dylib
0x000000000c5aa000 	/usr/lib/libsqlite3.dylib
0x000000000c5aa000 	/usr/lib/libpam.2.dylib
0x000000000c5aa000 	/usr/lib/libOpenScriptingUtil.dylib
0x000000000c5aa000 	/usr/lib/libbz2.1.0.dylib
0x000000000c5aa000 	/usr/lib/liblzma.5.dylib
0x000000000c5aa000 	/usr/lib/libnetwork.dylib
0x000000000c5aa000 	/usr/lib/libpcap.A.dylib
0x000000000c5aa000 	/System/Library/Frameworks/CoreServices.framework/Versions/A/Frameworks/FSEvents.framework/Versions/A/FSEvents
0x000000000c5aa000 	/System/Library/Frameworks/CoreServices.framework/Versions/A/Frameworks/CarbonCore.framework/Versions/A/CarbonCore
0x000000000c5aa000 	/System/Library/Frameworks/CoreServices.framework/Versions/A/Frameworks/Metadata.framework/Versions/A/Metadata
0x000000000c5aa000 	/System/Library/Frameworks/CoreServices.framework/Versions/A/Frameworks/OSServices.framework/Versions/A/OSServices
0x000000000c5aa000 	/System/Library/Frameworks/CoreServices.framework/Versions/A/Frameworks/SearchKit.framework/Versions/A/SearchKit
0x000000000c5aa000 	/System/Library/Frameworks/CoreServices.framework/Versions/A/Frameworks/AE.framework/Versions/A/AE
0x000000000c5aa000 	/System/Library/Frameworks/CoreServices.framework/Versions/A/Frameworks/LaunchServices.framework/Versions/A/LaunchServices
0x000000000c5aa000 	/System/Library/Frameworks/CoreServices.framework/Versions/A/Frameworks/DictionaryServices.framework/Versions/A/DictionaryServices
0x000000000c5aa000 	/System/Library/Frameworks/CoreServices.framework/Versions/A/Frameworks/SharedFileList.framework/Versions/A/SharedFileList
0x000000000c5aa000 	/System/Library/Frameworks/NetFS.framework/Versions/A/NetFS
0x000000000c5aa000 	/System/Library/PrivateFrameworks/NetAuth.framework/Versions/A/NetAuth
0x000000000c5aa000 	/System/Library/PrivateFrameworks/login.framework/Versions/A/Frameworks/loginsupport.framework/Versions/A/loginsupport
0x000000000c5aa000 	/System/Library/PrivateFrameworks/TCC.framework/Versions/A/TCC
0x000000000c5aa000 	/usr/lib/libmecabra.dylib
0x000000000c5aa000 	/System/Library/Frameworks/ApplicationServices.framework/Versions/A/Frameworks/ATS.framework/Versions/A/ATS
0x000000000c5aa000 	/System/Library/Frameworks/ApplicationServices.framework/Versions/A/Frameworks/ColorSync.framework/Versions/A/ColorSync
0x000000000c5aa000 	/System/Library/Frameworks/ApplicationServices.framework/Versions/A/Frameworks/HIServices.framework/Versions/A/HIServices
0x000000000c5aa000 	/System/Library/Frameworks/ApplicationServices.framework/Versions/A/Frameworks/LangAnalysis.framework/Versions/A/LangAnalysis
0x000000000c5aa000 	/System/Library/Frameworks/ApplicationServices.framework/Versions/A/Frameworks/PrintCore.framework/Versions/A/PrintCore
0x000000000c5aa000 	/System/Library/Frameworks/ApplicationServices.framework/Versions/A/Frameworks/QD.framework/Versions/A/QD
0x000000000c5aa000 	/System/Library/Frameworks/ApplicationServices.framework/Versions/A/Frameworks/SpeechSynthesis.framework/Versions/A/SpeechSynthesis
0x000000000c5aa000 	/System/Library/Frameworks/Accelerate.framework/Versions/A/Frameworks/vImage.framework/Versions/A/vImage
0x000000000c5aa000 	/System/Library/Frameworks/Accelerate.framework/Versions/A/Frameworks/vecLib.framework/Versions/A/vecLib
0x000000000c5aa000 	/System/Library/Frameworks/Accelerate.framework/Versions/A/Frameworks/vecLib.framework/Versions/A/libvDSP.dylib
0x000000000c5aa000 	/System/Library/Frameworks/Accelerate.framework/Versions/A/Frameworks/vecLib.framework/Versions/A/libBNNS.dylib
0x000000000c5aa000 	/System/Library/Frameworks/Accelerate.framework/Versions/A/Frameworks/vecLib.framework/Versions/A/libQuadrature.dylib
0x000000000c5aa000 	/System/Library/Frameworks/Accelerate.framework/Versions/A/Frameworks/vecLib.framework/Versions/A/libvMisc.dylib
0x000000000c5aa000 	/System/Library/Frameworks/Accelerate.framework/Versions/A/Frameworks/vecLib.framework/Versions/A/libLAPACK.dylib
0x000000000c5aa000 	/System/Library/Frameworks/Accelerate.framework/Versions/A/Frameworks/vecLib.framework/Versions/A/libBLAS.dylib
0x000000000c5aa000 	/System/Library/Frameworks/Accelerate.framework/Versions/A/Frameworks/vecLib.framework/Versions/A/libLinearAlgebra.dylib
0x000000000c5aa000 	/System/Library/Frameworks/Accelerate.framework/Versions/A/Frameworks/vecLib.framework/Versions/A/libSparseBLAS.dylib
0x000000000c5aa000 	/System/Library/Frameworks/ApplicationServices.framework/Versions/A/Frameworks/ATS.framework/Versions/A/Resources/libFontParser.dylib
0x000000000c5aa000 	/System/Library/Frameworks/ApplicationServices.framework/Versions/A/Frameworks/ATS.framework/Versions/A/Resources/libFontRegistry.dylib
0x000000000c5aa000 	/System/Library/Frameworks/ImageIO.framework/Versions/A/Resources/libJPEG.dylib
0x000000000c5aa000 	/System/Library/Frameworks/ImageIO.framework/Versions/A/Resources/libTIFF.dylib
0x000000000c5aa000 	/System/Library/Frameworks/ImageIO.framework/Versions/A/Resources/libPng.dylib
0x000000000c5aa000 	/System/Library/Frameworks/ImageIO.framework/Versions/A/Resources/libGIF.dylib
0x000000000c5aa000 	/System/Library/Frameworks/ImageIO.framework/Versions/A/Resources/libJP2.dylib
0x000000000c5aa000 	/System/Library/Frameworks/ImageIO.framework/Versions/A/Resources/libRadiance.dylib
0x000000000c5aa000 	/usr/lib/libcompression.dylib
0x000000000c5aa000 	/System/Library/PrivateFrameworks/AppleJPEG.framework/Versions/A/AppleJPEG
0x000000000c5aa000 	/usr/lib/libcups.2.dylib
0x000000000c5aa000 	/System/Library/Frameworks/Kerberos.framework/Versions/A/Kerberos
0x000000000c5aa000 	/System/Library/Frameworks/GSS.framework/Versions/A/GSS
0x000000000c5aa000 	/usr/lib/libresolv.9.dylib
0x000000000c5aa000 	/usr/lib/libiconv.2.dylib
0x000000000c5aa000 	/System/Library/PrivateFrameworks/Heimdal.framework/Versions/A/Heimdal
0x000000000c5aa000 	/usr/lib/libheimdal-asn1.dylib
0x000000000c5aa000 	/System/Library/Frameworks/OpenDirectory.framework/Versions/A/OpenDirectory
0x000000000c5aa000 	/System/Library/PrivateFrameworks/CommonAuth.framework/Versions/A/CommonAuth
0x000000000c5aa000 	/System/Library/Frameworks/OpenDirectory.framework/Versions/A/Frameworks/CFOpenDirectory.framework/Versions/A/CFOpenDirectory
0x000000000c5aa000 	/System/Library/Frameworks/SecurityFoundation.framework/Versions/A/SecurityFoundation
0x000000000c5aa000 	/System/Library/PrivateFrameworks/LanguageModeling.framework/Versions/A/LanguageModeling
0x000000000c5aa000 	/usr/lib/libmarisa.dylib
0x000000000c5aa000 	/usr/lib/libChineseTokenizer.dylib
0x000000000c5aa000 	/usr/lib/libcmph.dylib
0x000000000c5aa000 	/System/Library/PrivateFrameworks/CoreEmoji.framework/Versions/A/CoreEmoji
0x000000000c5aa000 	/System/Library/Frameworks/ServiceManagement.framework/Versions/A/ServiceManagement
0x000000000c5aa000 	/usr/lib/libxslt.1.dylib
0x000000000c5aa000 	/System/Library/Frameworks/Carbon.framework/Versions/A/Frameworks/Ink.framework/Versions/A/Ink
0x000000000c5aa000 	/System/Library/PrivateFrameworks/TextureIO.framework/Versions/A/TextureIO
0x000000000c5aa000 	/System/Library/Frameworks/Metal.framework/Versions/A/Metal
0x000000000c5aa000 	/usr/lib/libate.dylib
0x000000000c5aa000 	/System/Library/PrivateFrameworks/GPUCompiler.framework/libmetal_timestamp.dylib
0x000000000c5aa000 	/System/Library/Frameworks/OpenGL.framework/Versions/A/Libraries/libCoreFSCache.dylib
0x000000000c5aa000 	/System/Library/PrivateFrameworks/IOAccelerator.framework/Versions/A/IOAccelerator
0x000000000c5aa000 	/System/Library/Frameworks/CoreVideo.framework/Versions/A/CoreVideo
0x000000000c5aa000 	/usr/lib/libFosl_dynamic.dylib
0x000000000c5aa000 	/System/Library/PrivateFrameworks/MetalPerformanceShaders.framework/Versions/A/MetalPerformanceShaders
0x000000000c5aa000 	/System/Library/PrivateFrameworks/FaceCore.framework/Versions/A/FaceCore
0x000000000c5aa000 	/System/Library/Frameworks/OpenCL.framework/Versions/A/OpenCL
0x000000000c5aa000 	/System/Library/Frameworks/OpenGL.framework/Versions/A/Libraries/libGLU.dylib
0x000000000c5aa000 	/System/Library/Frameworks/OpenGL.framework/Versions/A/Libraries/libGFXShared.dylib
0x000000000c5aa000 	/System/Library/Frameworks/OpenGL.framework/Versions/A/Libraries/libGL.dylib
0x000000000c5aa000 	/System/Library/Frameworks/OpenGL.framework/Versions/A/Libraries/libGLImage.dylib
0x000000000c5aa000 	/System/Library/Frameworks/OpenGL.framework/Versions/A/Libraries/libCVMSPluginSupport.dylib
0x000000000c5aa000 	/System/Library/Frameworks/OpenGL.framework/Versions/A/Libraries/libCoreVMClient.dylib
0x000000000c5aa000 	/System/Library/PrivateFrameworks/CrashReporterSupport.framework/Versions/A/CrashReporterSupport
0x000000000c5aa000 	/System/Library/PrivateFrameworks/Sharing.framework/Versions/A/Sharing
0x000000000c5aa000 	/System/Library/PrivateFrameworks/IconServices.framework/Versions/A/IconServices
0x000000000c5aa000 	/System/Library/PrivateFrameworks/ProtocolBuffer.framework/Versions/A/ProtocolBuffer
0x000000000c5aa000 	/System/Library/PrivateFrameworks/Apple80211.framework/Versions/A/Apple80211
0x000000000c5aa000 	/System/Library/Frameworks/CoreWLAN.framework/Versions/A/CoreWLAN
0x000000000c5aa000 	/System/Library/PrivateFrameworks/CoreUtils.framework/Versions/A/CoreUtils
0x000000000c5aa000 	/System/Library/Frameworks/IOBluetooth.framework/Versions/A/IOBluetooth
0x000000000c5aa000 	/System/Library/PrivateFrameworks/CoreWiFi.framework/Versions/A/CoreWiFi
0x000000000c5aa000 	/System/Library/Frameworks/CoreBluetooth.framework/Versions/A/CoreBluetooth
0x000000000c5aa000 	/System/Library/Frameworks/CoreDisplay.framework/Versions/A/CoreDisplay
0x000000000c5aa000 	/System/Library/PrivateFrameworks/IOPresentment.framework/Versions/A/IOPresentment
0x000000000c5aa000 	/System/Library/PrivateFrameworks/DebugSymbols.framework/Versions/A/DebugSymbols
0x000000000c5aa000 	/System/Library/PrivateFrameworks/CoreSymbolication.framework/Versions/A/CoreSymbolication
0x000000000c5aa000 	/System/Library/PrivateFrameworks/Symbolication.framework/Versions/A/Symbolication
0x000000000c5aa000 	/System/Library/PrivateFrameworks/AppleFSCompression.framework/Versions/A/AppleFSCompression
0x000000000c5aa000 	/System/Library/PrivateFrameworks/SpeechRecognitionCore.framework/Versions/A/SpeechRecognitionCore
0x000000000c5aa000 	/System/Library/PrivateFrameworks/ChunkingLibrary.framework/Versions/A/ChunkingLibrary
0x000000010ba00000 	/Library/Java/JavaVirtualMachines/jdk1.8.0_101.jdk/Contents/Home/jre/lib/server/libjvm.dylib
0x000000000c5aa000 	/usr/lib/libstdc++.6.dylib
0x000000010b0d8000 	/Library/Java/JavaVirtualMachines/jdk1.8.0_101.jdk/Contents/Home/jre/lib/libverify.dylib
0x000000010b0e6000 	/Library/Java/JavaVirtualMachines/jdk1.8.0_101.jdk/Contents/Home/jre/lib/libjava.dylib
0x000000010b125000 	/Library/Java/JavaVirtualMachines/jdk1.8.0_101.jdk/Contents/Home/jre/lib/libzip.dylib
0x000000010b1e6000 	/System/Library/Frameworks/JavaVM.framework/Frameworks/JavaRuntimeSupport.framework/JavaRuntimeSupport
0x0000000110ce0000 	/System/Library/Frameworks/JavaVM.framework/Versions/A/Frameworks/JavaNativeFoundation.framework/Versions/A/JavaNativeFoundation
0x0000000110cf5000 	/System/Library/Frameworks/JavaVM.framework/Versions/A/JavaVM
0x000000000c5aa000 	/System/Library/Frameworks/Carbon.framework/Versions/A/Carbon
0x0000000110d02000 	/System/Library/PrivateFrameworks/JavaLaunching.framework/Versions/A/JavaLaunching
0x000000000c5aa000 	/System/Library/Frameworks/Carbon.framework/Versions/A/Frameworks/CommonPanels.framework/Versions/A/CommonPanels
0x000000000c5aa000 	/System/Library/Frameworks/Carbon.framework/Versions/A/Frameworks/Help.framework/Versions/A/Help
0x000000000c5aa000 	/System/Library/Frameworks/Carbon.framework/Versions/A/Frameworks/ImageCapture.framework/Versions/A/ImageCapture
0x000000000c5aa000 	/System/Library/Frameworks/Carbon.framework/Versions/A/Frameworks/OpenScripting.framework/Versions/A/OpenScripting
0x000000000c5aa000 	/System/Library/Frameworks/Carbon.framework/Versions/A/Frameworks/Print.framework/Versions/A/Print
0x000000000c5aa000 	/System/Library/Frameworks/Carbon.framework/Versions/A/Frameworks/SecurityHI.framework/Versions/A/SecurityHI
0x0000000110d5b000 	/Library/Java/JavaVirtualMachines/jdk1.8.0_101.jdk/Contents/Home/jre/lib/libawt.dylib
0x0000000110e03000 	/Library/Java/JavaVirtualMachines/jdk1.8.0_101.jdk/Contents/Home/jre/lib/./libmlib_image.dylib
0x0000000110ecf000 	/Library/Java/JavaVirtualMachines/jdk1.8.0_101.jdk/Contents/Home/jre/lib/libawt_lwawt.dylib
0x0000000110f84000 	/Library/Java/JavaVirtualMachines/jdk1.8.0_101.jdk/Contents/Home/jre/lib/./libosxapp.dylib
0x000000000c5aa000 	/System/Library/Frameworks/ExceptionHandling.framework/Versions/A/ExceptionHandling
0x000000000c5aa000 	/System/Library/PrivateFrameworks/CoreServicesInternal.framework/Versions/A/CoreServicesInternal
0x000000000c5aa000 	/System/Library/CoreServices/RawCamera.bundle/Contents/MacOS/RawCamera
0x000000000c5aa000 	/System/Library/Frameworks/Accelerate.framework/Versions/A/Frameworks/vImage.framework/Versions/A/Libraries/libCGInterfaces.dylib
0x000000000c5aa000 	/System/Library/Frameworks/ApplicationServices.framework/Versions/A/Frameworks/ATS.framework/Versions/A/Resources/libTrueTypeScaler.dylib
0x000000000c5aa000 	/System/Library/Frameworks/OpenGL.framework/Versions/A/Resources/GLEngine.bundle/GLEngine
0x000000000c5aa000 	/System/Library/Frameworks/OpenGL.framework/Versions/A/Libraries/libGLProgrammability.dylib
0x0000000123206000 	/System/Library/Extensions/AMDRadeonX3000GLDriver.bundle/Contents/MacOS/AMDRadeonX3000GLDriver
0x000000000c5aa000 	/System/Library/PrivateFrameworks/GPUSupport.framework/Versions/A/Libraries/libGPUSupportMercury.dylib
0x00000001232e7000 	/System/Library/Extensions/AMDRadeonX3000GLDriver.bundle/Contents/MacOS/ATIRadeonX3000SCLib.dylib
0x000000000c5aa000 	/System/Library/Frameworks/OpenGL.framework/Versions/A/Resources/GLRendererFloat.bundle/GLRendererFloat
0x000000000c5aa000 	/System/Library/Frameworks/OpenCL.framework/Versions/A/Libraries/libcldcpuengine.dylib
0x000000000c5aa000 	/usr/lib/libcrypto.0.9.8.dylib
0x000000000c5aa000 	/System/Library/PrivateFrameworks/TrustEvaluationAgent.framework/Versions/A/TrustEvaluationAgent
0x000000000c5aa000 	/System/Library/PrivateFrameworks/FamilyControls.framework/Versions/A/FamilyControls
0x000000000c5aa000 	/System/Library/PrivateFrameworks/CommerceKit.framework/Versions/A/Frameworks/CommerceCore.framework/Versions/A/CommerceCore
0x000000000c5aa000 	/System/Library/PrivateFrameworks/SystemAdministration.framework/Versions/A/SystemAdministration
0x000000000c5aa000 	/System/Library/PrivateFrameworks/AppContainer.framework/Versions/A/AppContainer
0x000000000c5aa000 	/System/Library/PrivateFrameworks/SecCodeWrapper.framework/Versions/A/SecCodeWrapper
0x000000000c5aa000 	/System/Library/Frameworks/DirectoryService.framework/Versions/A/DirectoryService
0x000000000c5aa000 	/System/Library/PrivateFrameworks/DiskImages.framework/Versions/A/DiskImages
0x000000000c5aa000 	/System/Library/PrivateFrameworks/LoginUIKit.framework/Versions/A/Frameworks/LoginUICore.framework/Versions/A/LoginUICore
0x000000000c5aa000 	/usr/lib/libCoreStorage.dylib
0x000000000c5aa000 	/usr/lib/libcsfde.dylib
0x000000000c5aa000 	/usr/lib/libodfde.dylib
0x000000000c5aa000 	/System/Library/Frameworks/DiscRecording.framework/Versions/A/DiscRecording
0x000000000c5aa000 	/usr/lib/libcurl.4.dylib
0x000000000c5aa000 	/System/Library/PrivateFrameworks/MediaKit.framework/Versions/A/MediaKit
0x000000000c5aa000 	/System/Library/PrivateFrameworks/ProtectedCloudStorage.framework/Versions/A/ProtectedCloudStorage
0x000000000c5aa000 	/System/Library/PrivateFrameworks/EFILogin.framework/Versions/A/EFILogin
0x000000000c5aa000 	/usr/lib/libutil.dylib
0x000000000c5aa000 	/System/Library/Frameworks/LDAP.framework/Versions/A/LDAP
0x000000000c5aa000 	/usr/lib/libsasl2.2.dylib
0x000000000c5aa000 	/System/Library/PrivateFrameworks/CoreDaemon.framework/Versions/B/CoreDaemon
0x000000000c5aa000 	/System/Library/PrivateFrameworks/AppleSRP.framework/Versions/A/AppleSRP
0x000000000c5aa000 	/System/Library/PrivateFrameworks/APFS.framework/Versions/A/APFS
0x0000000124725000 	/Library/Java/JavaVirtualMachines/jdk1.8.0_101.jdk/Contents/Home/jre/lib/libfontmanager.dylib
0x000000012478c000 	/Library/Java/JavaVirtualMachines/jdk1.8.0_101.jdk/Contents/Home/jre/lib/libosxui.dylib
0x000000000c5aa000 	/System/Library/PrivateFrameworks/ViewBridge.framework/Versions/A/ViewBridge
0x000000000c5aa000 	/System/Library/PrivateFrameworks/XPCService.framework/Versions/A/XPCService
0x000000000c5aa000 	/System/Library/PrivateFrameworks/AppSandbox.framework/Versions/A/AppSandbox
0x000000000c5aa000 	/usr/lib/libsandbox.1.dylib
0x000000000c5aa000 	/usr/lib/libMatch.1.dylib
0x0000000125434000 	/Library/Java/JavaVirtualMachines/jdk1.8.0_101.jdk/Contents/Home/jre/lib/libjpeg.dylib
0x0000000126f1c000 	/Library/Java/JavaVirtualMachines/jdk1.8.0_101.jdk/Contents/Home/jre/lib/libnet.dylib
0x0000000126d31000 	/Library/Java/JavaVirtualMachines/jdk1.8.0_101.jdk/Contents/Home/jre/lib/libnio.dylib

VM Arguments:
jvm_args: -Dfile.encoding=UTF-8 
java_command: view.Triviador
java_class_path (initial): /Users/estebankramer/poo-2016b-07/Triviador/bin
Launcher Type: SUN_STANDARD

Environment Variables:
PATH=/usr/bin:/bin:/usr/sbin:/sbin
SHELL=/bin/bash

Signal Handlers:
SIGSEGV: [libjvm.dylib+0x5af145], sa_mask[0]=11111111011111110111111111111111, sa_flags=SA_ONSTACK|SA_RESTART|SA_SIGINFO
SIGBUS: [libjvm.dylib+0x5af145], sa_mask[0]=11111111011111110111111111111111, sa_flags=SA_RESTART|SA_SIGINFO
SIGFPE: [libjvm.dylib+0x48694c], sa_mask[0]=11111111011111110111111111111111, sa_flags=SA_RESTART|SA_SIGINFO
SIGPIPE: [libjvm.dylib+0x48694c], sa_mask[0]=11111111011111110111111111111111, sa_flags=SA_RESTART|SA_SIGINFO
SIGXFSZ: [libjvm.dylib+0x48694c], sa_mask[0]=11111111011111110111111111111111, sa_flags=SA_RESTART|SA_SIGINFO
SIGILL: [libjvm.dylib+0x48694c], sa_mask[0]=11111111011111110111111111111111, sa_flags=SA_RESTART|SA_SIGINFO
SIGUSR1: SIG_DFL, sa_mask[0]=00000000000000000000000000000000, sa_flags=none
SIGUSR2: [libjvm.dylib+0x48646a], sa_mask[0]=00100000000000000000000000000000, sa_flags=SA_RESTART|SA_SIGINFO
SIGHUP: [libjvm.dylib+0x484a41], sa_mask[0]=11111111011111110111111111111111, sa_flags=SA_RESTART|SA_SIGINFO
SIGINT: [libjvm.dylib+0x484a41], sa_mask[0]=11111111011111110111111111111111, sa_flags=SA_RESTART|SA_SIGINFO
SIGTERM: [libjvm.dylib+0x484a41], sa_mask[0]=11111111011111110111111111111111, sa_flags=SA_RESTART|SA_SIGINFO
SIGQUIT: [libjvm.dylib+0x484a41], sa_mask[0]=11111111011111110111111111111111, sa_flags=SA_RESTART|SA_SIGINFO


---------------  S Y S T E M  ---------------

OS:Bsduname:Darwin 16.0.0 Darwin Kernel Version 16.0.0: Mon Aug 29 17:56:20 PDT 2016; root:xnu-3789.1.32~3/RELEASE_X86_64 x86_64
rlimit: STACK 8192k, CORE 0k, NPROC 709, NOFILE 10240, AS infinity
load average:2.17 2.03 2.01

CPU:total 4 (4 cores per cpu, 1 threads per core) family 6 model 30 stepping 5, cmov, cx8, fxsr, mmx, sse, sse2, sse3, ssse3, sse4.1, sse4.2, popcnt, tsc, tscinvbit

Memory: 4k page, physical 4194304k(50968k free)

/proc/meminfo:


vm_info: Java HotSpot(TM) 64-Bit Server VM (25.101-b13) for bsd-amd64 JRE (1.8.0_101-b13), built on Jun 22 2016 02:42:15 by "java_re" with gcc 4.2.1 (Based on Apple Inc. build 5658) (LLVM build 2336.11.00)

time: Mon Nov  7 21:10:03 2016
elapsed time: 8 seconds (0d 0h 0m 8s)

